TN:
SF:server/config.js
FNF:0
FNH:0
DA:3,3
DA:4,3
DA:5,3
DA:6,3
LF:4
LH:4
BRDA:9,0,0,3
BRDA:9,0,1,0
BRF:2
BRH:1
end_of_record
TN:
SF:server/controller.js
FN:3,(anonymous_0)
FN:7,(anonymous_1)
FNF:2
FNH:2
FNDA:2,(anonymous_0)
FNDA:1,(anonymous_1)
DA:4,2
DA:8,1
LF:2
LH:2
BRF:0
BRH:0
end_of_record
TN:
SF:server/routes.js
FN:11,routes
FN:58,handlerError
FN:70,handler
FN:71,(anonymous_3)
FNF:4
FNH:4
FNDA:8,routes
FNDA:2,handlerError
FNDA:8,handler
FNDA:2,(anonymous_3)
DA:8,1
DA:9,1
DA:12,8
DA:14,8
DA:15,1
DA:19,1
DA:22,7
DA:23,1
DA:30,1
DA:33,6
DA:34,1
DA:41,1
DA:44,5
DA:45,4
DA:46,2
DA:47,2
DA:48,1
DA:51,2
DA:54,1
DA:55,1
DA:59,2
DA:60,1
DA:61,1
DA:62,1
DA:65,1
DA:66,1
DA:67,1
DA:71,8
DA:72,2
LF:29
LH:29
BRDA:14,0,0,1
BRDA:14,0,1,7
BRDA:14,1,0,8
BRDA:14,1,1,7
BRDA:22,2,0,1
BRDA:22,2,1,6
BRDA:22,3,0,7
BRDA:22,3,1,6
BRDA:33,4,0,1
BRDA:33,4,1,5
BRDA:33,5,0,6
BRDA:33,5,1,5
BRDA:44,6,0,4
BRDA:44,6,1,1
BRDA:47,7,0,1
BRDA:47,7,1,1
BRDA:59,8,0,1
BRDA:59,8,1,1
BRF:18
BRH:18
end_of_record
TN:
SF:server/service.js
FN:11,(anonymous_0)
FN:15,(anonymous_1)
FN:29,(anonymous_2)
FNF:3
FNH:3
FNDA:1,(anonymous_0)
FNDA:1,(anonymous_1)
FNDA:1,(anonymous_2)
DA:8,3
DA:12,1
DA:17,1
DA:20,1
DA:21,1
DA:23,1
DA:30,1
DA:32,1
LF:8
LH:8
BRF:0
BRH:0
end_of_record
TN:
SF:server/util.js
FNF:0
FNH:0
DA:3,1
DA:13,1
LF:2
LH:2
BRF:0
BRH:0
end_of_record
